0 info it worked if it ends with ok
1 verbose cli [ '/home/antarya/.nvm/versions/node/v6.10.3/bin/node',
1 verbose cli   '/home/antarya/.nvm/versions/node/v6.10.3/bin/npm',
1 verbose cli   'run',
1 verbose cli   'watch' ]
2 info using npm@3.10.10
3 info using node@v6.10.3
4 verbose run-script [ 'prewatch', 'watch', 'postwatch' ]
5 info lifecycle datafest@1.0.0~prewatch: datafest@1.0.0
6 silly lifecycle datafest@1.0.0~prewatch: no script for prewatch, continuing
7 info lifecycle datafest@1.0.0~watch: datafest@1.0.0
8 verbose lifecycle datafest@1.0.0~watch: unsafe-perm in lifecycle true
9 verbose lifecycle datafest@1.0.0~watch: PATH: /home/antarya/.nvm/versions/node/v6.10.3/lib/node_modules/npm/bin/node-gyp-bin:/home/antarya/apps/forset/DataFest/src/node_modules/.bin:/home/antarya/.rbenv/plugins/ruby-build/bin:/home/antarya/.rbenv/shims:/home/antarya/.rbenv/bin:/home/antarya/.nvm/versions/node/v6.10.3/bin:/home/antarya/.rbenv/shims:/home/antarya/.rbenv/bin:/home/antarya/bin:/home/antarya/.local/bin:/usr/local/sbin:/usr/local/bin:/usr/sbin:/usr/bin:/sbin:/bin:/usr/games:/usr/local/games:/snap/bin
10 verbose lifecycle datafest@1.0.0~watch: CWD: /home/antarya/apps/forset/DataFest/src
11 silly lifecycle datafest@1.0.0~watch: Args: [ '-c',
11 silly lifecycle   'nodemon -e json,html,rb --watch . --exec ruby ./build.rb' ]
12 silly lifecycle datafest@1.0.0~watch: Returned: code: 1  signal: null
13 info lifecycle datafest@1.0.0~watch: Failed to exec watch script
14 verbose stack Error: datafest@1.0.0 watch: `nodemon -e json,html,rb --watch . --exec ruby ./build.rb`
14 verbose stack Exit status 1
14 verbose stack     at EventEmitter.<anonymous> (/home/antarya/.nvm/versions/node/v6.10.3/lib/node_modules/npm/lib/utils/lifecycle.js:255:16)
14 verbose stack     at emitTwo (events.js:106:13)
14 verbose stack     at EventEmitter.emit (events.js:191:7)
14 verbose stack     at ChildProcess.<anonymous> (/home/antarya/.nvm/versions/node/v6.10.3/lib/node_modules/npm/lib/utils/spawn.js:40:14)
14 verbose stack     at emitTwo (events.js:106:13)
14 verbose stack     at ChildProcess.emit (events.js:191:7)
14 verbose stack     at maybeClose (internal/child_process.js:886:16)
14 verbose stack     at Process.ChildProcess._handle.onexit (internal/child_process.js:226:5)
15 verbose pkgid datafest@1.0.0
16 verbose cwd /home/antarya/apps/forset/DataFest/src
17 error Linux 4.10.0-35-generic
18 error argv "/home/antarya/.nvm/versions/node/v6.10.3/bin/node" "/home/antarya/.nvm/versions/node/v6.10.3/bin/npm" "run" "watch"
19 error node v6.10.3
20 error npm  v3.10.10
21 error code ELIFECYCLE
22 error datafest@1.0.0 watch: `nodemon -e json,html,rb --watch . --exec ruby ./build.rb`
22 error Exit status 1
23 error Failed at the datafest@1.0.0 watch script 'nodemon -e json,html,rb --watch . --exec ruby ./build.rb'.
23 error Make sure you have the latest version of node.js and npm installed.
23 error If you do, this is most likely a problem with the datafest package,
23 error not with npm itself.
23 error Tell the author that this fails on your system:
23 error     nodemon -e json,html,rb --watch . --exec ruby ./build.rb
23 error You can get information on how to open an issue for this project with:
23 error     npm bugs datafest
23 error Or if that isn't available, you can get their info via:
23 error     npm owner ls datafest
23 error There is likely additional logging output above.
24 verbose exit [ 1, true ]
